<?xml version="1.0" encoding="UTF-8"?>
<!-- Generated by org.testng.reporters.JUnitReportReporter -->
<testsuite hostname="LAPTOP-AMDFCMQH" failures="0" tests="1" name="com.tmb.challenges.Challenge2" time="16.221" errors="0" timestamp="2021-04-18T01:06:56 IST" skipped="0">
  <testcase classname="com.tmb.challenges.Challenge2" name="carouselCode" time="16.221"/>
  <system-out/>
</testsuite> <!-- com.tmb.challenges.Challenge2 -->
